{
  "RSpec": {
    "coverage": {
      "/home/abc/Desktop/Rails Project/Rails Final Project/food_blogging_app/spec/models/recipe_spec.rb": [
        1,
        null,
        1,
        1,
        1,
        2,
        null,
        2,
        null,
        2,
        null,
        2,
        null,
        null,
        1,
        2,
        null,
        null,
        null
      ],
      "/home/abc/Desktop/Rails Project/Rails Final Project/food_blogging_app/spec/rails_helper.rb": [
        null,
        1,
        1,
        1,
        null,
        1,
        1,
        null,
        null,
        null,
        null,
        null,
        null,
        null,
        null,
        null,
        null,
        null,
        null,
        null,
        null,
        null,
        2,
        null,
        null,
        null,
        null,
        1,
        null,
        0,
        null,
        1,
        null,
        1,
        null,
        null,
        null,
        null,
        1,
        null,
        null,
        null,
        null,
        null,
        null,
        null,
        null,
        null,
        null,
        null,
        null,
        null,
        null,
        null,
        null,
        null,
        1,
        null,
        null,
        1,
        null,
        null,
        null,
        1,
        1,
        1,
        1,
        null,
        null
      ],
      "/home/abc/Desktop/Rails Project/Rails Final Project/food_blogging_app/config/environment.rb": [
        null,
        1,
        null,
        null,
        1
      ],
      "/home/abc/Desktop/Rails Project/Rails Final Project/food_blogging_app/config/application.rb": [
        1,
        1,
        null,
        1,
        null,
        null,
        null,
        1,
        null,
        1,
        1,
        null,
        1,
        null,
        null,
        null,
        null,
        null,
        null,
        null,
        null,
        1,
        1,
        1,
        null,
        1,
        null,
        null,
        null
      ],
      "/home/abc/Desktop/Rails Project/Rails Final Project/food_blogging_app/config/boot.rb": [
        1,
        null,
        1,
        1
      ],
      "/home/abc/Desktop/Rails Project/Rails Final Project/food_blogging_app/config/environments/test.rb": [
        1,
        null,
        null,
        null,
        null,
        null,
        null,
        1,
        null,
        null,
        null,
        1,
        null,
        null,
        null,
        null,
        1,
        null,
        null,
        1,
        1,
        null,
        null,
        null,
        null,
        1,
        1,
        1,
        null,
        null,
        1,
        null,
        null,
        1,
        null,
        null,
        1,
        null,
        1,
        null,
        null,
        null,
        null,
        1,
        null,
        null,
        1,
        null,
        null,
        1,
        null,
        null,
        1,
        null,
        null,
        null,
        null,
        null,
        null,
        null
      ],
      "/home/abc/Desktop/Rails Project/Rails Final Project/food_blogging_app/config/initializers/cors.rb": [
        null,
        null,
        null,
        null,
        null,
        null,
        null,
        null,
        null,
        null,
        null,
        null,
        null,
        null,
        null,
        null
      ],
      "/home/abc/Desktop/Rails Project/Rails Final Project/food_blogging_app/config/initializers/filter_parameter_logging.rb": [
        null,
        null,
        null,
        null,
        null,
        1,
        null,
        null
      ],
      "/home/abc/Desktop/Rails Project/Rails Final Project/food_blogging_app/config/initializers/inflections.rb": [
        null,
        null,
        null,
        null,
        null,
        null,
        null,
        null,
        null,
        null,
        null,
        null,
        null,
        null,
        null,
        null
      ],
      "/home/abc/Desktop/Rails Project/Rails Final Project/food_blogging_app/spec/factories/recipes.rb": [
        1,
        1,
        1,
        1,
        null,
        null
      ],
      "/home/abc/Desktop/Rails Project/Rails Final Project/food_blogging_app/spec/factories/users.rb": [
        1,
        1,
        1,
        1,
        1,
        1,
        null,
        null
      ],
      "/home/abc/Desktop/Rails Project/Rails Final Project/food_blogging_app/config/routes.rb": [
        1,
        1,
        null,
        1,
        1,
        1,
        1,
        1,
        1,
        null,
        null,
        1,
        1,
        1,
        null,
        1,
        1,
        null,
        1,
        1,
        1,
        null,
        1,
        1,
        null,
        1,
        null,
        null
      ],
      "/home/abc/Desktop/Rails Project/Rails Final Project/food_blogging_app/spec/support/factory_bot.rb": [
        1,
        1,
        null
      ],
      "/home/abc/Desktop/Rails Project/Rails Final Project/food_blogging_app/app/models/recipe.rb": [
        1,
        null,
        null,
        1,
        1,
        1,
        1,
        null,
        1,
        null
      ],
      "/home/abc/Desktop/Rails Project/Rails Final Project/food_blogging_app/app/models/application_record.rb": [
        1,
        1,
        null
      ],
      "/home/abc/Desktop/Rails Project/Rails Final Project/food_blogging_app/app/models/user.rb": [
        1,
        1,
        1,
        1,
        1,
        1,
        1,
        1,
        null,
        1,
        1,
        1,
        1,
        null,
        1,
        null,
        1,
        null,
        1,
        null,
        1,
        null,
        1,
        0,
        0,
        0,
        null,
        null,
        1,
        0,
        null,
        null,
        1,
        0,
        0,
        0,
        0,
        null,
        null,
        1,
        null,
        1,
        0,
        null,
        null
      ],
      "/home/abc/Desktop/Rails Project/Rails Final Project/food_blogging_app/app/models/like.rb": [
        1,
        1,
        1,
        null
      ],
      "/home/abc/Desktop/Rails Project/Rails Final Project/food_blogging_app/app/models/comment.rb": [
        1,
        1,
        1,
        null
      ]
    },
    "timestamp": 1704717511
  }
}
