{
  "RSpec": {
    "coverage": {
      "/home/abc/Desktop/Rails Project/Rails Final Project/food_blogging_app/spec/controllers/users_controller_spec.rb": [
        1,
        null,
        1,
        1,
        2,
        2,
        null,
        1,
        1,
        1,
        1,
        1,
        null,
        null,
        1,
        1,
        1,
        1,
        1,
        null,
        null,
        null,
        1,
        2,
        1,
        1,
        1,
        null,
        null,
        1,
        1,
        1,
        null,
        null,
        1,
        1,
        1,
        null,
        null,
        null,
        1,
        2,
        2,
        null,
        1,
        1,
        1,
        1,
        null,
        1,
        1,
        null,
        null,
        null,
        1,
        2,
        2,
        2,
        null,
        1,
        1,
        1,
        1,
        1,
        null,
        null,
        null,
        1,
        2,
        2,
        2,
        null,
        1,
        1,
        1,
        1,
        1,
        null,
        null,
        null,
        1,
        2,
        2,
        null,
        1,
        1,
        1,
        null,
        1,
        1,
        null,
        null,
        null,
        1,
        2,
        2,
        null,
        1,
        1,
        1,
        null,
        1,
        1,
        1,
        null,
        null,
        null
      ],
      "/home/abc/Desktop/Rails Project/Rails Final Project/food_blogging_app/spec/rails_helper.rb": [
        null,
        1,
        1,
        1,
        null,
        1,
        1,
        null,
        null,
        null,
        null,
        null,
        null,
        null,
        null,
        null,
        null,
        null,
        null,
        null,
        null,
        null,
        2,
        null,
        null,
        null,
        null,
        1,
        null,
        0,
        null,
        1,
        null,
        1,
        null,
        null,
        null,
        null,
        1,
        null,
        null,
        null,
        null,
        null,
        null,
        null,
        null,
        null,
        null,
        null,
        null,
        null,
        null,
        null,
        null,
        null,
        1,
        null,
        null,
        1,
        null,
        null,
        null,
        1,
        1,
        1,
        1,
        null,
        null
      ],
      "/home/abc/Desktop/Rails Project/Rails Final Project/food_blogging_app/config/environment.rb": [
        null,
        1,
        null,
        null,
        1
      ],
      "/home/abc/Desktop/Rails Project/Rails Final Project/food_blogging_app/config/application.rb": [
        1,
        1,
        null,
        1,
        null,
        null,
        null,
        1,
        null,
        1,
        1,
        null,
        1,
        null,
        null,
        null,
        null,
        null,
        null,
        null,
        null,
        1,
        1,
        1,
        null,
        1,
        null,
        null,
        null
      ],
      "/home/abc/Desktop/Rails Project/Rails Final Project/food_blogging_app/config/boot.rb": [
        1,
        null,
        1,
        1
      ],
      "/home/abc/Desktop/Rails Project/Rails Final Project/food_blogging_app/config/environments/test.rb": [
        1,
        null,
        null,
        null,
        null,
        null,
        null,
        1,
        null,
        null,
        null,
        1,
        null,
        null,
        null,
        null,
        1,
        null,
        null,
        1,
        1,
        null,
        null,
        null,
        null,
        1,
        1,
        1,
        null,
        null,
        1,
        null,
        null,
        1,
        null,
        null,
        1,
        null,
        1,
        null,
        null,
        null,
        null,
        1,
        null,
        null,
        1,
        null,
        null,
        1,
        null,
        null,
        1,
        null,
        null,
        null,
        null,
        null,
        null,
        null
      ],
      "/home/abc/Desktop/Rails Project/Rails Final Project/food_blogging_app/config/initializers/cors.rb": [
        null,
        null,
        null,
        null,
        null,
        null,
        null,
        null,
        null,
        null,
        null,
        null,
        null,
        null,
        null,
        null
      ],
      "/home/abc/Desktop/Rails Project/Rails Final Project/food_blogging_app/config/initializers/filter_parameter_logging.rb": [
        null,
        null,
        null,
        null,
        null,
        1,
        null,
        null
      ],
      "/home/abc/Desktop/Rails Project/Rails Final Project/food_blogging_app/config/initializers/inflections.rb": [
        null,
        null,
        null,
        null,
        null,
        null,
        null,
        null,
        null,
        null,
        null,
        null,
        null,
        null,
        null,
        null
      ],
      "/home/abc/Desktop/Rails Project/Rails Final Project/food_blogging_app/spec/factories/recipes.rb": [
        1,
        1,
        1,
        1,
        null,
        null
      ],
      "/home/abc/Desktop/Rails Project/Rails Final Project/food_blogging_app/spec/factories/users.rb": [
        1,
        1,
        10,
        10,
        10,
        10,
        null,
        null
      ],
      "/home/abc/Desktop/Rails Project/Rails Final Project/food_blogging_app/config/routes.rb": [
        1,
        1,
        null,
        1,
        1,
        1,
        1,
        1,
        1,
        null,
        null,
        1,
        1,
        1,
        null,
        1,
        1,
        null,
        1,
        1,
        1,
        null,
        1,
        1,
        null,
        1,
        null,
        null
      ],
      "/home/abc/Desktop/Rails Project/Rails Final Project/food_blogging_app/spec/support/factory_bot.rb": [
        1,
        1,
        null
      ],
      "/home/abc/Desktop/Rails Project/Rails Final Project/food_blogging_app/app/controllers/users_controller.rb": [
        1,
        1,
        1,
        null,
        1,
        1,
        1,
        null,
        null,
        1,
        3,
        3,
        3,
        1,
        null,
        1,
        1,
        2,
        1,
        null,
        1,
        null,
        null,
        null,
        1,
        1,
        1,
        null,
        null,
        1,
        1,
        1,
        null,
        1,
        1,
        null,
        null,
        1,
        1,
        1,
        1,
        null,
        0,
        0,
        null,
        null,
        1,
        1,
        1,
        null,
        null,
        1,
        1,
        1,
        null,
        null,
        1,
        null,
        1,
        3,
        null,
        null
      ],
      "/home/abc/Desktop/Rails Project/Rails Final Project/food_blogging_app/app/controllers/api_controller.rb": [
        1,
        1,
        1,
        null,
        1,
        0,
        null,
        null,
        1,
        5,
        5,
        null,
        5,
        5,
        0,
        0,
        null,
        0,
        null,
        null,
        null,
        1,
        2,
        2,
        null,
        2,
        1,
        1,
        0,
        null,
        1,
        null,
        null,
        null,
        1,
        0,
        0,
        null,
        0,
        0,
        null,
        0,
        0,
        0,
        null,
        0,
        null,
        null,
        null,
        1,
        0,
        null,
        null
      ],
      "/home/abc/Desktop/Rails Project/Rails Final Project/food_blogging_app/app/controllers/concerns/json_web_token.rb": [
        1,
        1,
        1,
        null,
        1,
        6,
        6,
        null,
        null,
        1,
        7,
        6,
        null,
        null
      ],
      "/home/abc/Desktop/Rails Project/Rails Final Project/food_blogging_app/app/models/user.rb": [
        1,
        1,
        1,
        1,
        1,
        1,
        1,
        1,
        null,
        1,
        1,
        1,
        1,
        null,
        1,
        null,
        1,
        null,
        1,
        null,
        1,
        null,
        1,
        0,
        0,
        0,
        null,
        null,
        1,
        0,
        null,
        null,
        1,
        0,
        0,
        0,
        0,
        null,
        null,
        1,
        null,
        1,
        0,
        null,
        null
      ],
      "/home/abc/Desktop/Rails Project/Rails Final Project/food_blogging_app/app/models/application_record.rb": [
        1,
        1,
        null
      ],
      "/home/abc/Desktop/Rails Project/Rails Final Project/food_blogging_app/app/models/admin.rb": [
        1,
        null
      ],
      "/home/abc/Desktop/Rails Project/Rails Final Project/food_blogging_app/app/serializers/user_serializer.rb": [
        1,
        1,
        1,
        null,
        1,
        11,
        null,
        0,
        null,
        null
      ],
      "/home/abc/Desktop/Rails Project/Rails Final Project/food_blogging_app/app/models/recipe.rb": [
        1,
        1,
        1,
        1,
        1,
        1,
        null
      ],
      "/home/abc/Desktop/Rails Project/Rails Final Project/food_blogging_app/app/mailers/user_mailer.rb": [
        1,
        1,
        null,
        1,
        1,
        null,
        1,
        null,
        null,
        1,
        0,
        null,
        0,
        null,
        null
      ],
      "/home/abc/Desktop/Rails Project/Rails Final Project/food_blogging_app/app/mailers/application_mailer.rb": [
        1,
        1,
        1,
        null
      ],
      "/home/abc/Desktop/Rails Project/Rails Final Project/food_blogging_app/app/models/follow.rb": [
        1,
        1,
        1,
        null,
        1,
        1,
        null
      ]
    },
    "timestamp": 1704808171
  }
}
